2024-02-04 16:43:19,108 - INFO - 

----- INIZIO PROCEDURE DI AVVIO -----

2024-02-04 16:43:19,109 - INFO - File config.json creato con successo nella directory del progetto.
2024-02-04 16:43:19,109 - INFO - File config.json creato con successo nella directory del progetto.
2024-02-04 16:43:19,109 - INFO - File config.json aggiornato con successo nella directory del progetto.
2024-02-04 16:43:19,109 - INFO - Categorie aggiunte al file config_data.
2024-02-04 16:43:19,109 - INFO - -------- Avvio ToDo --------
2024-02-04 16:43:19,109 - INFO - db path: db/todo.db - db temp path: temp/temp.dp
2024-02-04 16:43:19,598 - INFO - Connesso al db temp
2024-02-04 16:43:19,601 - INFO - File temp/temp.dp rimosso con successo.
2024-02-04 16:44:57,095 - INFO - 

----- INIZIO PROCEDURE DI AVVIO -----

2024-02-04 16:44:57,096 - INFO - File config.json aggiornato con successo nella directory del progetto.
2024-02-04 16:44:57,096 - INFO - Categorie aggiunte al file config_data.
2024-02-04 16:44:57,096 - INFO - -------- Avvio ToDo --------
2024-02-04 16:44:57,096 - INFO - db path: db/todo.db - db temp path: temp/temp.dp
2024-02-04 16:44:57,311 - INFO - Connesso al db temp
2024-02-04 16:44:57,314 - INFO - File temp/temp.dp rimosso con successo.
2024-02-04 16:49:05,886 - INFO - 

----- INIZIO PROCEDURE DI AVVIO -----

2024-02-04 16:49:05,886 - INFO - File config.json aggiornato con successo nella directory del progetto.
2024-02-04 16:49:05,886 - INFO - Categorie aggiunte al file config_data.
2024-02-04 16:49:05,886 - INFO - -------- Avvio ToDo --------
2024-02-04 16:49:05,887 - INFO - db path: db/todo.db - db temp path: temp/temp.dp
2024-02-04 16:49:06,380 - INFO - Connesso al db temp
2024-02-04 16:49:06,381 - INFO - File temp/temp.dp rimosso con successo.
2024-02-04 16:50:49,193 - INFO - 

----- INIZIO PROCEDURE DI AVVIO -----

2024-02-04 16:50:49,194 - INFO - File config.json aggiornato con successo nella directory del progetto.
2024-02-04 16:50:49,194 - INFO - Categorie aggiunte al file config_data.
2024-02-04 16:50:49,194 - INFO - -------- Avvio ToDo --------
2024-02-04 16:50:49,194 - INFO - db path: db/todo.db - db temp path: temp/temp.dp
2024-02-04 16:50:49,686 - INFO - Connesso al db temp
2024-02-04 16:50:49,688 - INFO - File temp/temp.dp rimosso con successo.
2024-02-04 16:51:24,501 - INFO - 

----- INIZIO PROCEDURE DI AVVIO -----

2024-02-04 16:51:24,501 - INFO - File config.json aggiornato con successo nella directory del progetto.
2024-02-04 16:51:24,501 - INFO - Categorie aggiunte al file config_data.
2024-02-04 16:51:24,501 - INFO - -------- Avvio ToDo --------
2024-02-04 16:51:24,501 - INFO - db path: db/todo.db - db temp path: temp/temp.dp
2024-02-04 16:51:24,707 - INFO - Connesso al db temp
2024-02-04 16:51:24,710 - INFO - File temp/temp.dp rimosso con successo.
2024-02-04 16:51:29,802 - INFO - 

----- INIZIO PROCEDURE DI AVVIO -----

2024-02-04 16:51:29,803 - INFO - File config.json aggiornato con successo nella directory del progetto.
2024-02-04 16:51:29,803 - INFO - Categorie aggiunte al file config_data.
2024-02-04 16:51:29,803 - INFO - -------- Avvio ToDo --------
2024-02-04 16:51:29,803 - INFO - db path: db/todo.db - db temp path: temp/temp.dp
2024-02-04 16:51:30,291 - INFO - Connesso al db temp
2024-02-04 16:51:30,294 - INFO - File temp/temp.dp rimosso con successo.
2024-02-04 16:59:29,529 - INFO - 

----- INIZIO PROCEDURE DI AVVIO -----

2024-02-04 16:59:29,530 - INFO - File config.json aggiornato con successo nella directory del progetto.
2024-02-04 16:59:29,530 - INFO - Categorie aggiunte al file config_data.
2024-02-04 16:59:29,530 - INFO - -------- Avvio ToDo --------
2024-02-04 16:59:29,530 - INFO - db path: db/todo.db - db temp path: temp/temp.dp
2024-02-04 16:59:29,737 - INFO - Connesso al db temp
2024-02-04 16:59:29,740 - INFO - File temp/temp.dp rimosso con successo.
2024-02-04 17:03:22,873 - INFO - 

----- INIZIO PROCEDURE DI AVVIO -----

2024-02-04 17:03:22,873 - INFO - File config.json aggiornato con successo nella directory del progetto.
2024-02-04 17:03:22,873 - INFO - Categorie aggiunte al file config_data.
2024-02-04 17:03:22,873 - INFO - -------- Avvio ToDo --------
2024-02-04 17:03:22,874 - INFO - db path: db/todo.db - db temp path: temp/temp.dp
2024-02-04 17:03:23,102 - INFO - Connesso al db temp
2024-02-04 17:03:23,107 - INFO - File temp/temp.dp rimosso con successo.
2024-02-04 17:04:38,212 - INFO - 

----- INIZIO PROCEDURE DI AVVIO -----

2024-02-04 17:04:38,212 - INFO - File config.json aggiornato con successo nella directory del progetto.
2024-02-04 17:04:38,213 - INFO - Categorie aggiunte al file config_data.
2024-02-04 17:04:38,213 - INFO - -------- Avvio ToDo --------
2024-02-04 17:04:38,213 - INFO - db path: db/todo.db - db temp path: temp/temp.dp
2024-02-04 17:04:38,429 - INFO - Connesso al db temp
2024-02-04 17:04:38,431 - INFO - File temp/temp.dp rimosso con successo.
2024-02-04 17:05:08,794 - INFO - 

----- INIZIO PROCEDURE DI AVVIO -----

2024-02-04 17:05:08,794 - INFO - File config.json aggiornato con successo nella directory del progetto.
2024-02-04 17:05:08,795 - INFO - Categorie aggiunte al file config_data.
2024-02-04 17:05:08,795 - INFO - -------- Avvio ToDo --------
2024-02-04 17:05:08,795 - INFO - db path: db/todo.db - db temp path: temp/temp.dp
2024-02-04 17:05:09,006 - INFO - Connesso al db temp
2024-02-04 17:05:09,010 - INFO - File temp/temp.dp rimosso con successo.
2024-02-04 17:06:18,395 - INFO - 

----- INIZIO PROCEDURE DI AVVIO -----

2024-02-04 17:06:18,395 - INFO - File config.json aggiornato con successo nella directory del progetto.
2024-02-04 17:06:18,395 - INFO - Categorie aggiunte al file config_data.
2024-02-04 17:06:18,395 - INFO - -------- Avvio ToDo --------
2024-02-04 17:06:18,395 - INFO - db path: db/todo.db - db temp path: temp/temp.dp
2024-02-04 17:06:18,600 - INFO - Connesso al db temp
2024-02-04 17:06:18,601 - INFO - File temp/temp.dp rimosso con successo.
2024-02-04 17:06:28,398 - INFO - 

----- INIZIO PROCEDURE DI AVVIO -----

2024-02-04 17:06:28,398 - INFO - File config.json aggiornato con successo nella directory del progetto.
2024-02-04 17:06:28,398 - INFO - Categorie aggiunte al file config_data.
2024-02-04 17:06:28,398 - INFO - -------- Avvio ToDo --------
2024-02-04 17:06:28,398 - INFO - db path: db/todo.db - db temp path: temp/temp.dp
2024-02-04 17:06:28,887 - INFO - Connesso al db temp
2024-02-04 17:06:28,888 - INFO - File temp/temp.dp rimosso con successo.
2024-02-04 17:06:38,803 - INFO - 

----- INIZIO PROCEDURE DI AVVIO -----

2024-02-04 17:06:38,803 - INFO - File config.json aggiornato con successo nella directory del progetto.
2024-02-04 17:06:38,803 - INFO - Categorie aggiunte al file config_data.
2024-02-04 17:06:38,803 - INFO - -------- Avvio ToDo --------
2024-02-04 17:06:38,803 - INFO - db path: db/todo.db - db temp path: temp/temp.dp
2024-02-04 17:06:39,013 - INFO - Connesso al db temp
2024-02-04 17:06:39,014 - INFO - File temp/temp.dp rimosso con successo.
2024-02-04 17:07:07,554 - INFO - 

----- INIZIO PROCEDURE DI AVVIO -----

2024-02-04 17:07:07,554 - INFO - File config.json aggiornato con successo nella directory del progetto.
2024-02-04 17:07:07,554 - INFO - Categorie aggiunte al file config_data.
2024-02-04 17:07:07,554 - INFO - -------- Avvio ToDo --------
2024-02-04 17:07:07,554 - INFO - db path: db/todo.db - db temp path: temp/temp.dp
2024-02-04 17:07:07,759 - INFO - Connesso al db temp
2024-02-04 17:07:07,761 - INFO - File temp/temp.dp rimosso con successo.
2024-02-04 17:07:16,213 - INFO - 

----- INIZIO PROCEDURE DI AVVIO -----

2024-02-04 17:07:16,213 - INFO - File config.json aggiornato con successo nella directory del progetto.
2024-02-04 17:07:16,213 - INFO - Categorie aggiunte al file config_data.
2024-02-04 17:07:16,213 - INFO - -------- Avvio ToDo --------
2024-02-04 17:07:16,213 - INFO - db path: db/todo.db - db temp path: temp/temp.dp
2024-02-04 17:07:16,706 - INFO - Connesso al db temp
2024-02-04 17:07:16,708 - INFO - File temp/temp.dp rimosso con successo.
2024-02-04 17:07:57,139 - INFO - 

----- INIZIO PROCEDURE DI AVVIO -----

2024-02-04 17:07:57,140 - INFO - File config.json aggiornato con successo nella directory del progetto.
2024-02-04 17:07:57,140 - INFO - Categorie aggiunte al file config_data.
2024-02-04 17:07:57,140 - INFO - -------- Avvio ToDo --------
2024-02-04 17:07:57,140 - INFO - db path: db/todo.db - db temp path: temp/temp.dp
2024-02-04 17:07:57,349 - INFO - Connesso al db temp
2024-02-04 17:07:57,351 - INFO - File temp/temp.dp rimosso con successo.
2024-02-04 17:08:11,847 - INFO - 

----- INIZIO PROCEDURE DI AVVIO -----

2024-02-04 17:08:11,847 - INFO - File config.json aggiornato con successo nella directory del progetto.
2024-02-04 17:08:11,847 - INFO - Categorie aggiunte al file config_data.
2024-02-04 17:08:11,847 - INFO - -------- Avvio ToDo --------
2024-02-04 17:08:11,848 - INFO - db path: db/todo.db - db temp path: temp/temp.dp
2024-02-04 17:08:12,061 - INFO - Connesso al db temp
2024-02-04 17:08:12,064 - INFO - File temp/temp.dp rimosso con successo.
2024-02-04 17:08:33,065 - INFO - 

----- INIZIO PROCEDURE DI AVVIO -----

2024-02-04 17:08:33,065 - INFO - File config.json aggiornato con successo nella directory del progetto.
2024-02-04 17:08:33,065 - INFO - Categorie aggiunte al file config_data.
2024-02-04 17:08:33,065 - INFO - -------- Avvio ToDo --------
2024-02-04 17:08:33,065 - INFO - db path: db/todo.db - db temp path: temp/temp.dp
2024-02-04 17:08:33,291 - INFO - Connesso al db temp
2024-02-04 17:08:33,294 - INFO - File temp/temp.dp rimosso con successo.
2024-02-04 17:08:47,951 - INFO - 

----- INIZIO PROCEDURE DI AVVIO -----

2024-02-04 17:08:47,951 - INFO - File config.json aggiornato con successo nella directory del progetto.
2024-02-04 17:08:47,951 - INFO - Categorie aggiunte al file config_data.
2024-02-04 17:08:47,952 - INFO - -------- Avvio ToDo --------
2024-02-04 17:08:47,952 - INFO - db path: db/todo.db - db temp path: temp/temp.dp
2024-02-04 17:08:48,157 - INFO - Connesso al db temp
2024-02-04 17:08:48,161 - INFO - File temp/temp.dp rimosso con successo.
2024-02-04 17:09:06,125 - INFO - 

----- INIZIO PROCEDURE DI AVVIO -----

2024-02-04 17:09:06,125 - INFO - File config.json aggiornato con successo nella directory del progetto.
2024-02-04 17:09:06,125 - INFO - Categorie aggiunte al file config_data.
2024-02-04 17:09:06,126 - INFO - -------- Avvio ToDo --------
2024-02-04 17:09:06,126 - INFO - db path: db/todo.db - db temp path: temp/temp.dp
2024-02-04 17:09:06,332 - INFO - Connesso al db temp
2024-02-04 17:09:06,334 - INFO - File temp/temp.dp rimosso con successo.
2024-02-04 17:09:31,285 - INFO - 

----- INIZIO PROCEDURE DI AVVIO -----

2024-02-04 17:09:31,286 - INFO - File config.json aggiornato con successo nella directory del progetto.
2024-02-04 17:09:31,286 - INFO - Categorie aggiunte al file config_data.
2024-02-04 17:09:31,286 - INFO - -------- Avvio ToDo --------
2024-02-04 17:09:31,286 - INFO - db path: db/todo.db - db temp path: temp/temp.dp
2024-02-04 17:09:31,492 - INFO - Connesso al db temp
2024-02-04 17:09:31,494 - INFO - File temp/temp.dp rimosso con successo.
2024-02-04 17:14:15,079 - INFO - 

----- INIZIO PROCEDURE DI AVVIO -----

2024-02-04 17:14:15,079 - INFO - File config.json aggiornato con successo nella directory del progetto.
2024-02-04 17:14:15,080 - INFO - Categorie aggiunte al file config_data.
2024-02-04 17:14:15,080 - INFO - -------- Avvio ToDo --------
2024-02-04 17:14:15,080 - INFO - db path: db/todo.db - db temp path: temp/temp.dp
2024-02-04 17:14:15,291 - INFO - Connesso al db temp
2024-02-04 17:14:15,294 - INFO - File temp/temp.dp rimosso con successo.
2024-02-04 17:17:14,672 - INFO - 

----- INIZIO PROCEDURE DI AVVIO -----

2024-02-04 17:17:14,672 - INFO - File config.json aggiornato con successo nella directory del progetto.
2024-02-04 17:17:14,673 - INFO - Categorie aggiunte al file config_data.
2024-02-04 17:17:14,673 - INFO - -------- Avvio ToDo --------
2024-02-04 17:17:14,673 - INFO - db path: db/todo.db - db temp path: temp/temp.dp
2024-02-04 17:17:14,884 - INFO - Connesso al db temp
2024-02-04 17:17:14,886 - INFO - File temp/temp.dp rimosso con successo.
2024-02-04 17:17:36,974 - INFO - 

----- INIZIO PROCEDURE DI AVVIO -----

2024-02-04 17:17:36,974 - INFO - File config.json aggiornato con successo nella directory del progetto.
2024-02-04 17:17:36,974 - INFO - Categorie aggiunte al file config_data.
2024-02-04 17:17:36,974 - INFO - -------- Avvio ToDo --------
2024-02-04 17:17:36,974 - INFO - db path: db/todo.db - db temp path: temp/temp.dp
2024-02-04 17:17:37,445 - INFO - Connesso al db temp
2024-02-04 17:17:37,448 - INFO - File temp/temp.dp rimosso con successo.
2024-02-04 17:17:44,608 - INFO - 

----- INIZIO PROCEDURE DI AVVIO -----

2024-02-04 17:17:44,609 - INFO - File config.json aggiornato con successo nella directory del progetto.
2024-02-04 17:17:44,609 - INFO - Categorie aggiunte al file config_data.
2024-02-04 17:17:44,609 - INFO - -------- Avvio ToDo --------
2024-02-04 17:17:44,609 - INFO - db path: db/todo.db - db temp path: temp/temp.dp
2024-02-04 17:17:44,816 - INFO - Connesso al db temp
2024-02-04 17:17:44,818 - INFO - File temp/temp.dp rimosso con successo.
2024-02-04 17:19:02,086 - INFO - 

----- INIZIO PROCEDURE DI AVVIO -----

2024-02-04 17:19:02,086 - INFO - File config.json aggiornato con successo nella directory del progetto.
2024-02-04 17:19:02,087 - INFO - Categorie aggiunte al file config_data.
2024-02-04 17:19:02,087 - INFO - -------- Avvio ToDo --------
2024-02-04 17:19:02,087 - INFO - db path: db/todo.db - db temp path: temp/temp.dp
2024-02-04 17:19:02,338 - INFO - Connesso al db temp
2024-02-04 17:19:02,342 - INFO - File temp/temp.dp rimosso con successo.
2024-02-04 17:19:45,828 - INFO - 

----- INIZIO PROCEDURE DI AVVIO -----

2024-02-04 17:19:45,828 - INFO - File config.json aggiornato con successo nella directory del progetto.
2024-02-04 17:19:45,828 - INFO - Categorie aggiunte al file config_data.
2024-02-04 17:19:45,828 - INFO - -------- Avvio ToDo --------
2024-02-04 17:19:45,829 - INFO - db path: db/todo.db - db temp path: temp/temp.dp
2024-02-04 17:19:46,036 - INFO - Connesso al db temp
2024-02-04 17:19:46,038 - INFO - File temp/temp.dp rimosso con successo.
2024-02-04 17:40:19,531 - INFO - 

----- INIZIO PROCEDURE DI AVVIO -----

2024-02-04 17:40:19,531 - INFO - File config.json aggiornato con successo nella directory del progetto.
2024-02-04 17:40:19,531 - INFO - Categorie aggiunte al file config_data.
2024-02-04 17:40:19,531 - INFO - -------- Avvio ToDo --------
2024-02-04 17:40:19,531 - INFO - db path: db/todo.db - db temp path: temp/temp.dp
2024-02-04 17:40:19,743 - INFO - Connesso al db temp
2024-02-04 17:40:19,745 - INFO - File temp/temp.dp rimosso con successo.
2024-02-04 17:45:00,762 - INFO - 

----- INIZIO PROCEDURE DI AVVIO -----

2024-02-04 17:45:00,763 - INFO - File config.json aggiornato con successo nella directory del progetto.
2024-02-04 17:45:00,763 - INFO - Categorie aggiunte al file config_data.
2024-02-04 17:45:00,763 - INFO - -------- Avvio ToDo --------
2024-02-04 17:45:00,763 - INFO - db path: db/todo.db - db temp path: temp/temp.dp
2024-02-04 17:45:01,251 - INFO - Connesso al db temp
2024-02-04 17:45:01,254 - INFO - File temp/temp.dp rimosso con successo.
2024-02-04 17:45:26,429 - INFO - 

----- INIZIO PROCEDURE DI AVVIO -----

2024-02-04 17:45:26,430 - INFO - File config.json aggiornato con successo nella directory del progetto.
2024-02-04 17:45:26,430 - INFO - Categorie aggiunte al file config_data.
2024-02-04 17:45:26,430 - INFO - -------- Avvio ToDo --------
2024-02-04 17:45:26,430 - INFO - db path: db/todo.db - db temp path: temp/temp.dp
2024-02-04 17:45:26,639 - INFO - Connesso al db temp
2024-02-04 17:45:26,641 - INFO - File temp/temp.dp rimosso con successo.
2024-02-04 17:45:56,187 - INFO - 

----- INIZIO PROCEDURE DI AVVIO -----

2024-02-04 17:45:56,187 - INFO - File config.json aggiornato con successo nella directory del progetto.
2024-02-04 17:45:56,187 - INFO - Categorie aggiunte al file config_data.
2024-02-04 17:45:56,187 - INFO - -------- Avvio ToDo --------
2024-02-04 17:45:56,187 - INFO - db path: db/todo.db - db temp path: temp/temp.dp
2024-02-04 17:45:56,413 - INFO - Connesso al db temp
2024-02-04 17:45:56,414 - INFO - File temp/temp.dp rimosso con successo.
2024-02-04 17:46:22,698 - INFO - 

----- INIZIO PROCEDURE DI AVVIO -----

2024-02-04 17:46:22,698 - INFO - File config.json aggiornato con successo nella directory del progetto.
2024-02-04 17:46:22,698 - INFO - Categorie aggiunte al file config_data.
2024-02-04 17:46:22,698 - INFO - -------- Avvio ToDo --------
2024-02-04 17:46:22,699 - INFO - db path: db/todo.db - db temp path: temp/temp.dp
2024-02-04 17:46:22,906 - INFO - Connesso al db temp
2024-02-04 17:46:22,908 - INFO - File temp/temp.dp rimosso con successo.
2024-02-04 17:47:02,096 - INFO - 

----- INIZIO PROCEDURE DI AVVIO -----

2024-02-04 17:47:02,096 - INFO - File config.json aggiornato con successo nella directory del progetto.
2024-02-04 17:47:02,096 - INFO - Categorie aggiunte al file config_data.
2024-02-04 17:47:02,096 - INFO - -------- Avvio ToDo --------
2024-02-04 17:47:02,096 - INFO - db path: db/todo.db - db temp path: temp/temp.dp
2024-02-04 17:47:02,304 - INFO - Connesso al db temp
2024-02-04 17:47:02,307 - INFO - File temp/temp.dp rimosso con successo.
2024-02-04 17:48:46,240 - INFO - 

----- INIZIO PROCEDURE DI AVVIO -----

2024-02-04 17:48:46,241 - INFO - File config.json aggiornato con successo nella directory del progetto.
2024-02-04 17:48:46,241 - INFO - Categorie aggiunte al file config_data.
2024-02-04 17:48:46,241 - INFO - -------- Avvio ToDo --------
2024-02-04 17:48:46,241 - INFO - db path: db/todo.db - db temp path: temp/temp.dp
2024-02-04 17:48:46,754 - INFO - Connesso al db temp
2024-02-04 17:48:46,757 - INFO - File temp/temp.dp rimosso con successo.
2024-02-04 17:48:59,837 - INFO - 

----- INIZIO PROCEDURE DI AVVIO -----

2024-02-04 17:48:59,837 - INFO - File config.json aggiornato con successo nella directory del progetto.
2024-02-04 17:48:59,837 - INFO - Categorie aggiunte al file config_data.
2024-02-04 17:48:59,837 - INFO - -------- Avvio ToDo --------
2024-02-04 17:48:59,837 - INFO - db path: db/todo.db - db temp path: temp/temp.dp
2024-02-04 17:49:00,335 - INFO - Connesso al db temp
2024-02-04 17:49:00,337 - INFO - File temp/temp.dp rimosso con successo.
2024-02-04 17:49:11,624 - INFO - 

----- INIZIO PROCEDURE DI AVVIO -----

2024-02-04 17:49:11,624 - INFO - File config.json aggiornato con successo nella directory del progetto.
2024-02-04 17:49:11,624 - INFO - Categorie aggiunte al file config_data.
2024-02-04 17:49:11,625 - INFO - -------- Avvio ToDo --------
2024-02-04 17:49:11,625 - INFO - db path: db/todo.db - db temp path: temp/temp.dp
2024-02-04 17:49:11,832 - INFO - Connesso al db temp
2024-02-04 17:49:11,834 - INFO - File temp/temp.dp rimosso con successo.
2024-02-04 17:49:39,678 - INFO - 

----- INIZIO PROCEDURE DI AVVIO -----

2024-02-04 17:49:39,679 - INFO - File config.json aggiornato con successo nella directory del progetto.
2024-02-04 17:49:39,679 - INFO - Categorie aggiunte al file config_data.
2024-02-04 17:49:39,679 - INFO - -------- Avvio ToDo --------
2024-02-04 17:49:39,679 - INFO - db path: db/todo.db - db temp path: temp/temp.dp
2024-02-04 17:49:39,891 - INFO - Connesso al db temp
2024-02-04 17:49:39,894 - INFO - File temp/temp.dp rimosso con successo.
2024-02-04 17:50:21,328 - INFO - 

----- INIZIO PROCEDURE DI AVVIO -----

2024-02-04 17:50:21,328 - INFO - File config.json aggiornato con successo nella directory del progetto.
2024-02-04 17:50:21,328 - INFO - Categorie aggiunte al file config_data.
2024-02-04 17:50:21,328 - INFO - -------- Avvio ToDo --------
2024-02-04 17:50:21,328 - INFO - db path: db/todo.db - db temp path: temp/temp.dp
2024-02-04 17:50:21,538 - INFO - Connesso al db temp
2024-02-04 17:50:21,539 - INFO - File temp/temp.dp rimosso con successo.
2024-02-04 17:50:49,407 - INFO - 

----- INIZIO PROCEDURE DI AVVIO -----

2024-02-04 17:50:49,407 - INFO - File config.json aggiornato con successo nella directory del progetto.
2024-02-04 17:50:49,407 - INFO - Categorie aggiunte al file config_data.
2024-02-04 17:50:49,407 - INFO - -------- Avvio ToDo --------
2024-02-04 17:50:49,407 - INFO - db path: db/todo.db - db temp path: temp/temp.dp
2024-02-04 17:50:49,621 - INFO - Connesso al db temp
2024-02-04 17:50:49,624 - INFO - File temp/temp.dp rimosso con successo.
2024-02-04 17:51:28,131 - INFO - 

----- INIZIO PROCEDURE DI AVVIO -----

2024-02-04 17:51:28,131 - INFO - File config.json aggiornato con successo nella directory del progetto.
2024-02-04 17:51:28,132 - INFO - Categorie aggiunte al file config_data.
2024-02-04 17:51:28,132 - INFO - -------- Avvio ToDo --------
2024-02-04 17:51:28,132 - INFO - db path: db/todo.db - db temp path: temp/temp.dp
2024-02-04 17:51:28,340 - INFO - Connesso al db temp
2024-02-04 17:51:28,342 - INFO - File temp/temp.dp rimosso con successo.
2024-02-04 17:52:53,049 - INFO - 

----- INIZIO PROCEDURE DI AVVIO -----

2024-02-04 17:52:53,049 - INFO - File config.json aggiornato con successo nella directory del progetto.
2024-02-04 17:52:53,049 - INFO - Categorie aggiunte al file config_data.
2024-02-04 17:52:53,049 - INFO - -------- Avvio ToDo --------
2024-02-04 17:52:53,049 - INFO - db path: db/todo.db - db temp path: temp/temp.dp
2024-02-04 17:52:53,259 - INFO - Connesso al db temp
2024-02-04 17:52:53,260 - INFO - File temp/temp.dp rimosso con successo.
2024-02-04 17:53:23,739 - INFO - 

----- INIZIO PROCEDURE DI AVVIO -----

2024-02-04 17:53:23,739 - INFO - File config.json aggiornato con successo nella directory del progetto.
2024-02-04 17:53:23,739 - INFO - Categorie aggiunte al file config_data.
2024-02-04 17:53:23,739 - INFO - -------- Avvio ToDo --------
2024-02-04 17:53:23,740 - INFO - db path: db/todo.db - db temp path: temp/temp.dp
2024-02-04 17:53:24,245 - INFO - Connesso al db temp
2024-02-04 17:53:24,250 - INFO - File temp/temp.dp rimosso con successo.
2024-02-04 17:54:01,736 - INFO - 

----- INIZIO PROCEDURE DI AVVIO -----

2024-02-04 17:54:01,737 - INFO - File config.json aggiornato con successo nella directory del progetto.
2024-02-04 17:54:01,737 - INFO - Categorie aggiunte al file config_data.
2024-02-04 17:54:01,737 - INFO - -------- Avvio ToDo --------
2024-02-04 17:54:01,737 - INFO - db path: db/todo.db - db temp path: temp/temp.dp
2024-02-04 17:54:02,226 - INFO - Connesso al db temp
2024-02-04 17:54:02,230 - INFO - File temp/temp.dp rimosso con successo.
2024-02-04 17:55:08,750 - INFO - 

----- INIZIO PROCEDURE DI AVVIO -----

2024-02-04 17:55:08,751 - INFO - File config.json aggiornato con successo nella directory del progetto.
2024-02-04 17:55:08,751 - INFO - Categorie aggiunte al file config_data.
2024-02-04 17:55:08,751 - INFO - -------- Avvio ToDo --------
2024-02-04 17:55:08,751 - INFO - db path: db/todo.db - db temp path: temp/temp.dp
2024-02-04 17:55:08,960 - INFO - Connesso al db temp
2024-02-04 17:55:08,968 - INFO - File temp/temp.dp rimosso con successo.
2024-02-04 17:56:44,418 - INFO - 

----- INIZIO PROCEDURE DI AVVIO -----

2024-02-04 17:56:44,418 - INFO - File config.json aggiornato con successo nella directory del progetto.
2024-02-04 17:56:44,418 - INFO - Categorie aggiunte al file config_data.
2024-02-04 17:56:44,418 - INFO - -------- Avvio ToDo --------
2024-02-04 17:56:44,418 - INFO - db path: db/todo.db - db temp path: temp/temp.dp
2024-02-04 17:56:45,004 - INFO - Connesso al db temp
2024-02-04 17:56:45,007 - INFO - File temp/temp.dp rimosso con successo.
2024-02-04 17:56:53,922 - INFO - 

----- INIZIO PROCEDURE DI AVVIO -----

2024-02-04 17:56:53,922 - INFO - File config.json aggiornato con successo nella directory del progetto.
2024-02-04 17:56:53,922 - INFO - Categorie aggiunte al file config_data.
2024-02-04 17:56:53,923 - INFO - -------- Avvio ToDo --------
2024-02-04 17:56:53,923 - INFO - db path: db/todo.db - db temp path: temp/temp.dp
2024-02-04 17:56:54,126 - INFO - Connesso al db temp
2024-02-04 17:56:54,128 - INFO - File temp/temp.dp rimosso con successo.
2024-02-04 17:57:42,446 - INFO - 

----- INIZIO PROCEDURE DI AVVIO -----

2024-02-04 17:57:42,446 - INFO - File config.json aggiornato con successo nella directory del progetto.
2024-02-04 17:57:42,446 - INFO - Categorie aggiunte al file config_data.
2024-02-04 17:57:42,446 - INFO - -------- Avvio ToDo --------
2024-02-04 17:57:42,447 - INFO - db path: db/todo.db - db temp path: temp/temp.dp
2024-02-04 17:57:42,653 - INFO - Connesso al db temp
2024-02-04 17:57:42,656 - INFO - File temp/temp.dp rimosso con successo.
2024-02-04 17:57:59,397 - INFO - 

----- INIZIO PROCEDURE DI AVVIO -----

2024-02-04 17:57:59,397 - INFO - File config.json aggiornato con successo nella directory del progetto.
2024-02-04 17:57:59,397 - INFO - Categorie aggiunte al file config_data.
2024-02-04 17:57:59,397 - INFO - -------- Avvio ToDo --------
2024-02-04 17:57:59,397 - INFO - db path: db/todo.db - db temp path: temp/temp.dp
2024-02-04 17:57:59,627 - INFO - Connesso al db temp
2024-02-04 17:57:59,629 - INFO - File temp/temp.dp rimosso con successo.
2024-02-04 18:01:09,179 - INFO - 

----- INIZIO PROCEDURE DI AVVIO -----

2024-02-04 18:01:09,179 - INFO - File config.json aggiornato con successo nella directory del progetto.
2024-02-04 18:01:09,180 - INFO - Categorie aggiunte al file config_data.
2024-02-04 18:01:09,180 - INFO - -------- Avvio ToDo --------
2024-02-04 18:01:09,180 - INFO - db path: db/todo.db - db temp path: temp/temp.dp
2024-02-04 18:01:09,385 - INFO - Connesso al db temp
2024-02-04 18:01:09,387 - INFO - File temp/temp.dp rimosso con successo.
2024-02-04 18:01:29,653 - INFO - 

----- INIZIO PROCEDURE DI AVVIO -----

2024-02-04 18:01:29,654 - INFO - File config.json aggiornato con successo nella directory del progetto.
2024-02-04 18:01:29,654 - INFO - Categorie aggiunte al file config_data.
2024-02-04 18:01:29,654 - INFO - -------- Avvio ToDo --------
2024-02-04 18:01:29,654 - INFO - db path: db/todo.db - db temp path: temp/temp.dp
2024-02-04 18:01:30,136 - INFO - Connesso al db temp
2024-02-04 18:01:30,138 - INFO - File temp/temp.dp rimosso con successo.
2024-02-04 18:03:30,982 - INFO - 

----- INIZIO PROCEDURE DI AVVIO -----

2024-02-04 18:03:30,982 - INFO - File config.json aggiornato con successo nella directory del progetto.
2024-02-04 18:03:30,982 - INFO - Categorie aggiunte al file config_data.
2024-02-04 18:03:30,983 - INFO - -------- Avvio ToDo --------
2024-02-04 18:03:30,983 - INFO - db path: db/todo.db - db temp path: temp/temp.dp
2024-02-04 18:03:31,191 - INFO - Connesso al db temp
2024-02-04 18:03:31,192 - INFO - File temp/temp.dp rimosso con successo.
2024-02-04 18:08:04,265 - INFO - 

----- INIZIO PROCEDURE DI AVVIO -----

2024-02-04 18:08:04,265 - INFO - File config.json aggiornato con successo nella directory del progetto.
2024-02-04 18:08:04,265 - INFO - Categorie aggiunte al file config_data.
2024-02-04 18:08:04,265 - INFO - -------- Avvio ToDo --------
2024-02-04 18:08:04,265 - INFO - db path: db/todo.db - db temp path: temp/temp.dp
2024-02-04 18:08:04,747 - INFO - Connesso al db temp
2024-02-04 18:08:04,750 - INFO - File temp/temp.dp rimosso con successo.
2024-02-04 18:08:43,662 - INFO - 

----- INIZIO PROCEDURE DI AVVIO -----

2024-02-04 18:08:43,662 - INFO - File config.json aggiornato con successo nella directory del progetto.
2024-02-04 18:08:43,662 - INFO - Categorie aggiunte al file config_data.
2024-02-04 18:08:43,662 - INFO - -------- Avvio ToDo --------
2024-02-04 18:08:43,662 - INFO - db path: db/todo.db - db temp path: temp/temp.dp
2024-02-04 18:08:43,891 - INFO - Connesso al db temp
2024-02-04 18:08:43,893 - INFO - File temp/temp.dp rimosso con successo.
2024-02-04 18:09:12,454 - INFO - 

----- INIZIO PROCEDURE DI AVVIO -----

2024-02-04 18:09:12,455 - INFO - File config.json aggiornato con successo nella directory del progetto.
2024-02-04 18:09:12,455 - INFO - Categorie aggiunte al file config_data.
2024-02-04 18:09:12,455 - INFO - -------- Avvio ToDo --------
2024-02-04 18:09:12,455 - INFO - db path: db/todo.db - db temp path: temp/temp.dp
2024-02-04 18:09:12,942 - INFO - Connesso al db temp
2024-02-04 18:09:12,944 - INFO - File temp/temp.dp rimosso con successo.
2024-02-04 18:10:01,430 - INFO - 

----- INIZIO PROCEDURE DI AVVIO -----

2024-02-04 18:10:01,430 - INFO - File config.json aggiornato con successo nella directory del progetto.
2024-02-04 18:10:01,430 - INFO - Categorie aggiunte al file config_data.
2024-02-04 18:10:01,431 - INFO - -------- Avvio ToDo --------
2024-02-04 18:10:01,431 - INFO - db path: db/todo.db - db temp path: temp/temp.dp
2024-02-04 18:10:01,910 - INFO - Connesso al db temp
2024-02-04 18:10:01,913 - INFO - File temp/temp.dp rimosso con successo.
2024-02-04 18:10:24,409 - INFO - 

----- INIZIO PROCEDURE DI AVVIO -----

2024-02-04 18:10:24,409 - INFO - File config.json aggiornato con successo nella directory del progetto.
2024-02-04 18:10:24,409 - INFO - Categorie aggiunte al file config_data.
2024-02-04 18:10:24,409 - INFO - -------- Avvio ToDo --------
2024-02-04 18:10:24,410 - INFO - db path: db/todo.db - db temp path: temp/temp.dp
2024-02-04 18:10:24,893 - INFO - Connesso al db temp
2024-02-04 18:10:24,894 - INFO - File temp/temp.dp rimosso con successo.
2024-02-04 18:10:45,788 - INFO - 

----- INIZIO PROCEDURE DI AVVIO -----

2024-02-04 18:10:45,789 - INFO - File config.json aggiornato con successo nella directory del progetto.
2024-02-04 18:10:45,789 - INFO - Categorie aggiunte al file config_data.
2024-02-04 18:10:45,789 - INFO - -------- Avvio ToDo --------
2024-02-04 18:10:45,789 - INFO - db path: db/todo.db - db temp path: temp/temp.dp
2024-02-04 18:10:45,994 - INFO - Connesso al db temp
2024-02-04 18:10:45,996 - INFO - File temp/temp.dp rimosso con successo.
2024-02-04 18:10:58,998 - INFO - 

----- INIZIO PROCEDURE DI AVVIO -----

2024-02-04 18:10:58,998 - INFO - File config.json aggiornato con successo nella directory del progetto.
2024-02-04 18:10:58,998 - INFO - Categorie aggiunte al file config_data.
2024-02-04 18:10:58,998 - INFO - -------- Avvio ToDo --------
2024-02-04 18:10:58,998 - INFO - db path: db/todo.db - db temp path: temp/temp.dp
2024-02-04 18:10:59,203 - INFO - Connesso al db temp
2024-02-04 18:10:59,204 - INFO - File temp/temp.dp rimosso con successo.
2024-02-04 18:11:50,537 - INFO - 

----- INIZIO PROCEDURE DI AVVIO -----

2024-02-04 18:11:50,537 - INFO - File config.json aggiornato con successo nella directory del progetto.
2024-02-04 18:11:50,537 - INFO - Categorie aggiunte al file config_data.
2024-02-04 18:11:50,537 - INFO - -------- Avvio ToDo --------
2024-02-04 18:11:50,538 - INFO - db path: db/todo.db - db temp path: temp/temp.dp
2024-02-04 18:11:51,015 - INFO - Connesso al db temp
2024-02-04 18:11:51,017 - INFO - File temp/temp.dp rimosso con successo.
2024-02-04 18:12:09,853 - INFO - 

----- INIZIO PROCEDURE DI AVVIO -----

2024-02-04 18:12:09,853 - INFO - File config.json aggiornato con successo nella directory del progetto.
2024-02-04 18:12:09,853 - INFO - Categorie aggiunte al file config_data.
2024-02-04 18:12:09,853 - INFO - -------- Avvio ToDo --------
2024-02-04 18:12:09,853 - INFO - db path: db/todo.db - db temp path: temp/temp.dp
2024-02-04 18:12:10,063 - INFO - Connesso al db temp
2024-02-04 18:12:10,065 - INFO - File temp/temp.dp rimosso con successo.
2024-02-04 18:13:11,002 - INFO - 

----- INIZIO PROCEDURE DI AVVIO -----

2024-02-04 18:13:11,002 - INFO - File config.json aggiornato con successo nella directory del progetto.
2024-02-04 18:13:11,002 - INFO - Categorie aggiunte al file config_data.
2024-02-04 18:13:11,002 - INFO - -------- Avvio ToDo --------
2024-02-04 18:13:11,003 - INFO - db path: db/todo.db - db temp path: temp/temp.dp
2024-02-04 18:13:11,478 - INFO - Connesso al db temp
2024-02-04 18:13:11,480 - INFO - File temp/temp.dp rimosso con successo.
2024-02-04 18:13:42,310 - INFO - 

----- INIZIO PROCEDURE DI AVVIO -----

2024-02-04 18:13:42,310 - INFO - File config.json aggiornato con successo nella directory del progetto.
2024-02-04 18:13:42,310 - INFO - Categorie aggiunte al file config_data.
2024-02-04 18:13:42,310 - INFO - -------- Avvio ToDo --------
2024-02-04 18:13:42,310 - INFO - db path: db/todo.db - db temp path: temp/temp.dp
2024-02-04 18:13:42,517 - INFO - Connesso al db temp
2024-02-04 18:13:42,520 - INFO - File temp/temp.dp rimosso con successo.
2024-02-04 18:14:08,228 - INFO - 

----- INIZIO PROCEDURE DI AVVIO -----

2024-02-04 18:14:08,228 - INFO - File config.json aggiornato con successo nella directory del progetto.
2024-02-04 18:14:08,228 - INFO - Categorie aggiunte al file config_data.
2024-02-04 18:14:08,229 - INFO - -------- Avvio ToDo --------
2024-02-04 18:14:08,229 - INFO - db path: db/todo.db - db temp path: temp/temp.dp
2024-02-04 18:14:08,457 - INFO - Connesso al db temp
2024-02-04 18:14:08,458 - INFO - File temp/temp.dp rimosso con successo.
2024-02-04 18:15:27,768 - INFO - 

----- INIZIO PROCEDURE DI AVVIO -----

2024-02-04 18:15:27,769 - INFO - File config.json aggiornato con successo nella directory del progetto.
2024-02-04 18:15:27,769 - INFO - Categorie aggiunte al file config_data.
2024-02-04 18:15:27,769 - INFO - -------- Avvio ToDo --------
2024-02-04 18:15:27,769 - INFO - db path: db/todo.db - db temp path: temp/temp.dp
2024-02-04 18:15:28,011 - INFO - Connesso al db temp
2024-02-04 18:15:28,014 - INFO - File temp/temp.dp rimosso con successo.
2024-02-04 18:19:21,218 - INFO - 

----- INIZIO PROCEDURE DI AVVIO -----

2024-02-04 18:19:21,218 - INFO - File config.json aggiornato con successo nella directory del progetto.
2024-02-04 18:19:21,218 - INFO - Categorie aggiunte al file config_data.
2024-02-04 18:19:21,218 - INFO - -------- Avvio ToDo --------
2024-02-04 18:19:21,219 - INFO - db path: db/todo.db - db temp path: temp/temp.dp
2024-02-04 18:19:21,447 - INFO - Connesso al db temp
2024-02-04 18:19:21,448 - INFO - File temp/temp.dp rimosso con successo.
2024-02-04 18:19:34,193 - INFO - 

----- INIZIO PROCEDURE DI AVVIO -----

2024-02-04 18:19:34,194 - INFO - File config.json aggiornato con successo nella directory del progetto.
2024-02-04 18:19:34,194 - INFO - Categorie aggiunte al file config_data.
2024-02-04 18:19:34,194 - INFO - -------- Avvio ToDo --------
2024-02-04 18:19:34,194 - INFO - db path: db/todo.db - db temp path: temp/temp.dp
2024-02-04 18:19:34,675 - INFO - Connesso al db temp
2024-02-04 18:19:34,677 - INFO - File temp/temp.dp rimosso con successo.
2024-02-04 18:20:26,303 - INFO - 

----- INIZIO PROCEDURE DI AVVIO -----

2024-02-04 18:20:26,304 - INFO - File config.json aggiornato con successo nella directory del progetto.
2024-02-04 18:20:26,304 - INFO - Categorie aggiunte al file config_data.
2024-02-04 18:20:26,304 - INFO - -------- Avvio ToDo --------
2024-02-04 18:20:26,304 - INFO - db path: db/todo.db - db temp path: temp/temp.dp
2024-02-04 18:20:26,511 - INFO - Connesso al db temp
2024-02-04 18:20:26,513 - INFO - File temp/temp.dp rimosso con successo.
2024-02-04 18:20:56,036 - INFO - 

----- INIZIO PROCEDURE DI AVVIO -----

2024-02-04 18:20:56,036 - INFO - File config.json aggiornato con successo nella directory del progetto.
2024-02-04 18:20:56,036 - INFO - Categorie aggiunte al file config_data.
2024-02-04 18:20:56,036 - INFO - -------- Avvio ToDo --------
2024-02-04 18:20:56,036 - INFO - db path: db/todo.db - db temp path: temp/temp.dp
2024-02-04 18:20:56,245 - INFO - Connesso al db temp
2024-02-04 18:20:56,250 - INFO - File temp/temp.dp rimosso con successo.
2024-02-04 19:22:34,031 - INFO - 

----- INIZIO PROCEDURE DI AVVIO -----

2024-02-04 19:22:34,032 - INFO - File config.json aggiornato con successo nella directory del progetto.
2024-02-04 19:22:34,032 - INFO - Categorie aggiunte al file config_data.
2024-02-04 19:22:34,032 - INFO - -------- Avvio ToDo --------
2024-02-04 19:22:34,032 - INFO - db path: db/todo.db - db temp path: temp/temp.dp
2024-02-04 19:22:34,482 - INFO - Connesso al db temp
2024-02-04 19:22:34,483 - INFO - File temp/temp.dp rimosso con successo.
